<?xml version="1.0" encoding="UTF-8"?>
<testng-results ignored="4" total="9" passed="5" failed="0" skipped="0">
  <reporter-output>
  </reporter-output>
  <suite started-at="2023-11-28T21:45:25 IST" name="Default suite" finished-at="2023-11-28T21:45:32 IST" duration-ms="6605">
    <groups>
    </groups>
    <test started-at="2023-11-28T21:45:25 IST" name="Default test" finished-at="2023-11-28T21:45:32 IST" duration-ms="6605">
      <class name="week3.day2.assignment.GetIssue">
        <test-method is-config="true" signature="baseclass()[pri:0, instance:week3.day2.assignment.GetIssue@b62d79]" started-at="2023-11-28T21:45:30 IST" name="baseclass" finished-at="2023-11-28T21:45:30 IST" duration-ms="0" status="PASS">
          <reporter-output>
          </reporter-output>
        </test-method> <!-- baseclass -->
        <test-method signature="get()[pri:0, instance:week3.day2.assignment.GetIssue@b62d79]" started-at="2023-11-28T21:45:30 IST" name="get" finished-at="2023-11-28T21:45:30 IST" depends-on-methods="week3.day2.assignment.UpdateIssue.update" duration-ms="489" status="PASS">
          <reporter-output>
          </reporter-output>
        </test-method> <!-- get -->
        <test-method is-config="true" signature="Afterdeletevalidation()[pri:0, instance:week3.day2.assignment.GetIssue@b62d79]" started-at="2023-11-28T21:45:32 IST" name="Afterdeletevalidation" finished-at="2023-11-28T21:45:32 IST" duration-ms="1" status="PASS">
          <reporter-output>
          </reporter-output>
        </test-method> <!-- Afterdeletevalidation -->
      </class> <!-- week3.day2.assignment.GetIssue -->
      <class name="week3.day2.assignment.UpdateIssue">
        <test-method is-config="true" signature="baseclass()[pri:0, instance:week3.day2.assignment.UpdateIssue@31e5415e]" started-at="2023-11-28T21:45:29 IST" name="baseclass" finished-at="2023-11-28T21:45:29 IST" duration-ms="1" status="PASS">
          <reporter-output>
          </reporter-output>
        </test-method> <!-- baseclass -->
        <test-method signature="update()[pri:0, instance:week3.day2.assignment.UpdateIssue@31e5415e]" started-at="2023-11-28T21:45:29 IST" name="update" finished-at="2023-11-28T21:45:30 IST" depends-on-methods="week3.day2.assignment.CreateIssue.create" duration-ms="661" status="PASS">
          <reporter-output>
          </reporter-output>
        </test-method> <!-- update -->
      </class> <!-- week3.day2.assignment.UpdateIssue -->
      <class name="week3.day2.assignment.CreateIssue">
        <test-method is-config="true" signature="baseclass()[pri:0, instance:week3.day2.assignment.CreateIssue@1cbb87f3]" started-at="2023-11-28T21:45:25 IST" name="baseclass" finished-at="2023-11-28T21:45:26 IST" duration-ms="428" status="PASS">
          <reporter-output>
          </reporter-output>
        </test-method> <!-- baseclass -->
        <test-method signature="create()[pri:0, instance:week3.day2.assignment.CreateIssue@1cbb87f3]" started-at="2023-11-28T21:45:26 IST" name="create" finished-at="2023-11-28T21:45:29 IST" duration-ms="3435" status="PASS">
          <reporter-output>
          </reporter-output>
        </test-method> <!-- create -->
      </class> <!-- week3.day2.assignment.CreateIssue -->
      <class name="week3.day2.assignment.GetAll">
        <test-method is-config="true" signature="baseclass()[pri:0, instance:week3.day2.assignment.GetAll@a2431d0]" started-at="2023-11-28T21:45:31 IST" name="baseclass" finished-at="2023-11-28T21:45:31 IST" duration-ms="0" status="PASS">
          <reporter-output>
          </reporter-output>
        </test-method> <!-- baseclass -->
        <test-method signature="getall()[pri:0, instance:week3.day2.assignment.GetAll@a2431d0]" started-at="2023-11-28T21:45:31 IST" name="getall" finished-at="2023-11-28T21:45:32 IST" depends-on-methods="week3.day2.assignment.DeleteIssue.delete" duration-ms="936" status="PASS">
          <reporter-output>
          </reporter-output>
        </test-method> <!-- getall -->
      </class> <!-- week3.day2.assignment.GetAll -->
      <class name="week3.day2.assignment.DeleteIssue">
        <test-method is-config="true" signature="baseclass()[pri:0, instance:week3.day2.assignment.DeleteIssue@1a4013]" started-at="2023-11-28T21:45:30 IST" name="baseclass" finished-at="2023-11-28T21:45:30 IST" duration-ms="1" status="PASS">
          <reporter-output>
          </reporter-output>
        </test-method> <!-- baseclass -->
        <test-method signature="delete()[pri:0, instance:week3.day2.assignment.DeleteIssue@1a4013]" started-at="2023-11-28T21:45:30 IST" name="delete" finished-at="2023-11-28T21:45:31 IST" depends-on-methods="week3.day2.assignment.GetIssue.get" duration-ms="597" status="PASS">
          <reporter-output>
          </reporter-output>
        </test-method> <!-- delete -->
      </class> <!-- week3.day2.assignment.DeleteIssue -->
    </test> <!-- Default test -->
  </suite> <!-- Default suite -->
</testng-results>
