<?xml version="1.0" encoding="UTF-8"?>
<!-- Generated by org.testng.reporters.JUnitXMLReporter -->
<testsuite ignored="0" hostname="LAPTOP-7PL90270" failures="0" tests="3" name="Test" time="13.445" errors="0" timestamp="2023-11-26T11:38:52 IST">
  <testcase classname="week3.day1assignment.CreateCR" name="createChangeCR" time="6.22"/>
  <testcase classname="week3.day1assignment.UpdateCR" name="createChangeCR" time="3.639"/>
  <testcase classname="week3.day1assignment.DeleteCR" name="delete" time="3.533"/>
</testsuite> <!-- Test -->
