<?xml version="1.0" encoding="UTF-8"?>
<!-- Generated by org.testng.reporters.JUnitXMLReporter -->
<testsuite ignored="4" hostname="LAPTOP-7PL90270" failures="0" tests="5" name="Default test" time="6.605" errors="0" timestamp="2023-11-28T21:45:32 IST">
  <testcase classname="week3.day2.assignment.CreateIssue" name="create" time="3.435"/>
  <testcase classname="week3.day2.assignment.UpdateIssue" name="update" time="0.661"/>
  <testcase classname="week3.day2.assignment.GetIssue" name="get" time="0.489"/>
  <testcase classname="week3.day2.assignment.DeleteIssue" name="delete" time="0.597"/>
  <testcase classname="week3.day2.assignment.GetAll" name="getall" time="0.936"/>
  <testcase classname="week3.day2.assignment.Baseclass" name="@AfterTest Afterdeletevalidation" time="0.0">
    <ignored/>
  </testcase> <!-- @AfterTest Afterdeletevalidation -->
  <testcase classname="week3.day2.assignment.Baseclass" name="@AfterTest Afterdeletevalidation" time="0.0">
    <ignored/>
  </testcase> <!-- @AfterTest Afterdeletevalidation -->
  <testcase classname="week3.day2.assignment.Baseclass" name="@AfterTest Afterdeletevalidation" time="0.0">
    <ignored/>
  </testcase> <!-- @AfterTest Afterdeletevalidation -->
  <testcase classname="week3.day2.assignment.Baseclass" name="@AfterTest Afterdeletevalidation" time="0.0">
    <ignored/>
  </testcase> <!-- @AfterTest Afterdeletevalidation -->
</testsuite> <!-- Default test -->
